<?xml version="1.0" encoding="UTF-8"?>
<!-- Generated by org.testng.reporters.JUnitReportReporter -->
<testsuite hostname="LAPTOP-LCSAL6E3" failures="0" tests="4" name="api_test.UserTests" time="6.650" errors="0" timestamp="2024-11-19T20:55:00 IST" skipped="0">
  <testcase classname="api_test.UserTests" name="testPostUser" time="2.431"/>
  <testcase classname="api_test.UserTests" name="testGetUserByName" time="1.060"/>
  <testcase classname="api_test.UserTests" name="testUpdateUserByName" time="2.121"/>
  <testcase classname="api_test.UserTests" name="testDeleteUserByName" time="1.038"/>
</testsuite> <!-- api_test.UserTests -->
